<?xml version="1.0" encoding="utf-8"?>
<coverage line-rate="0.94009216589861755" branch-rate="0" complexity="0" branches-covered="0" branches-valid="0" timestamp="1709911890" lines-covered="204" lines-valid="217" version="0">
  <sources>
    <source>C:</source>
  </sources>
  <packages>
    <package name="C:\Users\hikme\Desktop\GitHub\ce100-midterm-hikmethan-kolay-yagizemre-ozbilge-cpp\build_win\build\Debug\rental_management_app.exe" line-rate="1" branch-rate="0" complexity="0">
      <classes>
        <class name="rental_management_app.cpp" filename="Users\hikme\Desktop\GitHub\ce100-midterm-hikmethan-kolay-yagizemre-ozbilge-cpp\src\rental_management_app\src\rental_management_app.cpp" line-rate="1" branch-rate="0" complexity="0">
          <methods/>
          <lines>
            <line number="14" hits="1"/>
            <line number="16" hits="1"/>
            <line number="17" hits="1"/>
          </lines>
        </class>
      </classes>
    </package>
    <package name="C:\Users\hikme\Desktop\GitHub\ce100-midterm-hikmethan-kolay-yagizemre-ozbilge-cpp\build_win\build\Debug\rental_management_tests.exe" line-rate="0.93925233644859818" branch-rate="0" complexity="0">
      <classes>
        <class name="rental_management_lib.cpp" filename="Users\hikme\Desktop\GitHub\ce100-midterm-hikmethan-kolay-yagizemre-ozbilge-cpp\src\rental_management_lib\src\rental_management_lib.cpp" line-rate="0.91772151898734178" branch-rate="0" complexity="0">
          <methods/>
          <lines>
            <line number="15" hits="1"/>
            <line number="20" hits="1"/>
            <line number="24" hits="1"/>
            <line number="25" hits="1"/>
            <line number="26" hits="0"/>
            <line number="30" hits="1"/>
            <line number="33" hits="1"/>
            <line number="35" hits="1"/>
            <line number="36" hits="1"/>
            <line number="44" hits="1"/>
            <line number="46" hits="1"/>
            <line number="47" hits="1"/>
            <line number="50" hits="1"/>
            <line number="51" hits="1"/>
            <line number="52" hits="1"/>
            <line number="53" hits="1"/>
            <line number="56" hits="1"/>
            <line number="57" hits="1"/>
            <line number="58" hits="1"/>
            <line number="62" hits="1"/>
            <line number="63" hits="1"/>
            <line number="64" hits="1"/>
            <line number="65" hits="1"/>
            <line number="66" hits="0"/>
            <line number="67" hits="0"/>
            <line number="68" hits="0"/>
            <line number="70" hits="1"/>
            <line number="73" hits="1"/>
            <line number="74" hits="1"/>
            <line number="76" hits="1"/>
            <line number="77" hits="1"/>
            <line number="78" hits="1"/>
            <line number="81" hits="1"/>
            <line number="82" hits="1"/>
            <line number="83" hits="1"/>
            <line number="93" hits="1"/>
            <line number="96" hits="1"/>
            <line number="97" hits="1"/>
            <line number="98" hits="1"/>
            <line number="101" hits="1"/>
            <line number="102" hits="1"/>
            <line number="103" hits="1"/>
            <line number="104" hits="1"/>
            <line number="107" hits="1"/>
            <line number="108" hits="1"/>
            <line number="109" hits="1"/>
            <line number="110" hits="1"/>
            <line number="111" hits="1"/>
            <line number="112" hits="1"/>
            <line number="113" hits="1"/>
            <line number="114" hits="1"/>
            <line number="115" hits="1"/>
            <line number="118" hits="1"/>
            <line number="119" hits="1"/>
            <line number="121" hits="1"/>
            <line number="123" hits="1"/>
            <line number="124" hits="1"/>
            <line number="125" hits="1"/>
            <line number="128" hits="1"/>
            <line number="131" hits="1"/>
            <line number="132" hits="1"/>
            <line number="133" hits="0"/>
            <line number="134" hits="0"/>
            <line number="138" hits="1"/>
            <line number="139" hits="1"/>
            <line number="141" hits="1"/>
            <line number="142" hits="1"/>
            <line number="152" hits="1"/>
            <line number="153" hits="1"/>
            <line number="154" hits="1"/>
            <line number="159" hits="1"/>
            <line number="160" hits="1"/>
            <line number="164" hits="1"/>
            <line number="165" hits="1"/>
            <line number="166" hits="1"/>
            <line number="167" hits="1"/>
            <line number="170" hits="1"/>
            <line number="171" hits="1"/>
            <line number="172" hits="1"/>
            <line number="173" hits="1"/>
            <line number="174" hits="1"/>
            <line number="175" hits="1"/>
            <line number="176" hits="1"/>
            <line number="177" hits="0"/>
            <line number="179" hits="1"/>
            <line number="180" hits="1"/>
            <line number="181" hits="1"/>
            <line number="184" hits="1"/>
            <line number="185" hits="1"/>
            <line number="187" hits="1"/>
            <line number="189" hits="1"/>
            <line number="190" hits="1"/>
            <line number="191" hits="1"/>
            <line number="192" hits="1"/>
            <line number="193" hits="1"/>
            <line number="197" hits="1"/>
            <line number="198" hits="1"/>
            <line number="199" hits="0"/>
            <line number="200" hits="0"/>
            <line number="204" hits="1"/>
            <line number="205" hits="1"/>
            <line number="206" hits="1"/>
            <line number="207" hits="1"/>
            <line number="209" hits="1"/>
            <line number="210" hits="1"/>
            <line number="211" hits="1"/>
            <line number="212" hits="1"/>
            <line number="221" hits="1"/>
            <line number="222" hits="1"/>
            <line number="223" hits="1"/>
            <line number="228" hits="1"/>
            <line number="229" hits="1"/>
            <line number="232" hits="1"/>
            <line number="233" hits="1"/>
            <line number="234" hits="1"/>
            <line number="235" hits="1"/>
            <line number="240" hits="1"/>
            <line number="241" hits="1"/>
            <line number="242" hits="1"/>
            <line number="243" hits="1"/>
            <line number="244" hits="1"/>
            <line number="245" hits="1"/>
            <line number="246" hits="1"/>
            <line number="247" hits="1"/>
            <line number="248" hits="0"/>
            <line number="250" hits="1"/>
            <line number="251" hits="1"/>
            <line number="252" hits="1"/>
            <line number="255" hits="1"/>
            <line number="256" hits="1"/>
            <line number="259" hits="1"/>
            <line number="260" hits="1"/>
            <line number="261" hits="1"/>
            <line number="262" hits="1"/>
            <line number="263" hits="1"/>
            <line number="264" hits="1"/>
            <line number="265" hits="1"/>
            <line number="266" hits="1"/>
            <line number="270" hits="1"/>
            <line number="271" hits="1"/>
            <line number="272" hits="0"/>
            <line number="273" hits="0"/>
            <line number="277" hits="1"/>
            <line number="279" hits="1"/>
            <line number="280" hits="1"/>
            <line number="281" hits="1"/>
            <line number="282" hits="1"/>
            <line number="283" hits="1"/>
            <line number="284" hits="1"/>
            <line number="285" hits="1"/>
            <line number="286" hits="1"/>
            <line number="288" hits="1"/>
            <line number="289" hits="0"/>
            <line number="291" hits="1"/>
            <line number="293" hits="1"/>
            <line number="294" hits="1"/>
            <line number="295" hits="1"/>
            <line number="296" hits="1"/>
          </lines>
        </class>
        <class name="rental_management_test.cpp" filename="Users\hikme\Desktop\GitHub\ce100-midterm-hikmethan-kolay-yagizemre-ozbilge-cpp\src\tests\rental_management_test\rental_management_test.cpp" line-rate="1" branch-rate="0" complexity="0">
          <methods/>
          <lines>
            <line number="8" hits="1"/>
            <line number="10" hits="1"/>
            <line number="12" hits="1"/>
            <line number="14" hits="1"/>
            <line number="29" hits="1"/>
            <line number="30" hits="1"/>
            <line number="31" hits="1"/>
            <line number="32" hits="1"/>
            <line number="37" hits="1"/>
            <line number="38" hits="1"/>
            <line number="39" hits="1"/>
            <line number="40" hits="1"/>
            <line number="41" hits="1"/>
            <line number="42" hits="1"/>
            <line number="47" hits="1"/>
            <line number="48" hits="1"/>
            <line number="49" hits="1"/>
            <line number="50" hits="1"/>
            <line number="51" hits="1"/>
            <line number="52" hits="1"/>
            <line number="57" hits="1"/>
            <line number="58" hits="1"/>
            <line number="59" hits="1"/>
            <line number="60" hits="1"/>
            <line number="61" hits="1"/>
            <line number="66" hits="1"/>
            <line number="67" hits="1"/>
            <line number="68" hits="1"/>
            <line number="69" hits="1"/>
            <line number="70" hits="1"/>
            <line number="71" hits="1"/>
            <line number="76" hits="1"/>
            <line number="77" hits="1"/>
            <line number="78" hits="1"/>
            <line number="83" hits="1"/>
            <line number="84" hits="1"/>
            <line number="85" hits="1"/>
            <line number="86" hits="1"/>
            <line number="91" hits="1"/>
            <line number="92" hits="1"/>
            <line number="93" hits="1"/>
            <line number="94" hits="1"/>
            <line number="99" hits="1"/>
            <line number="100" hits="1"/>
            <line number="101" hits="1"/>
            <line number="102" hits="1"/>
            <line number="107" hits="1"/>
            <line number="108" hits="1"/>
            <line number="109" hits="1"/>
            <line number="114" hits="1"/>
            <line number="115" hits="1"/>
            <line number="116" hits="1"/>
            <line number="125" hits="1"/>
            <line number="127" hits="1"/>
            <line number="128" hits="1"/>
            <line number="132" hits="1"/>
          </lines>
        </class>
      </classes>
    </package>
  </packages>
</coverage>
