SF:C:\Users\hikme\Desktop\GitHub\ce100-midterm-hikmethan-kolay-yagizemre-ozbilge-cpp\src\tests\rental_management_test\rental_management_test.cpp
DA:8,0
DA:12,0
DA:6,0
DA:20,1
DA:24,1
DA:29,1
DA:37,1
DA:47,1
DA:57,1
DA:66,1
DA:76,1
DA:83,1
DA:91,1
DA:99,1
DA:107,1
DA:114,1
DA:125,1
DA:1,0
end_of_record
SF:C:\Users\hikme\Desktop\GitHub\ce100-midterm-hikmethan-kolay-yagizemre-ozbilge-cpp\[generated]
DA:1,0
end_of_record
SF:C:\Users\hikme\Desktop\GitHub\ce100-midterm-hikmethan-kolay-yagizemre-ozbilge-cpp\README.md
DA:1,0
end_of_record
