SF:C:\Users\hikme\Desktop\GitHub\ce100-midterm-hikmethan-kolay-yagizemre-ozbilge-cpp\src\rental_management_app\src\rental_management_app.cpp
DA:12,0
DA:14,0
DA:1,1
end_of_record
SF:C:\Users\hikme\Desktop\GitHub\ce100-midterm-hikmethan-kolay-yagizemre-ozbilge-cpp\README.md
DA:1,0
end_of_record
SF:C:\Users\hikme\Desktop\GitHub\ce100-midterm-hikmethan-kolay-yagizemre-ozbilge-cpp\src\rental_management_app\header\rental_management_app.h
DA:1,1
end_of_record
SF:C:\Users\hikme\Desktop\GitHub\ce100-midterm-hikmethan-kolay-yagizemre-ozbilge-cpp\src\rental_management_lib\header\rental_management_lib.h
DA:17,1
DA:26,1
DA:37,1
DA:47,1
DA:56,1
DA:1,1
end_of_record
SF:C:\Users\hikme\Desktop\GitHub\ce100-midterm-hikmethan-kolay-yagizemre-ozbilge-cpp\src\rental_management_lib\src\rental_management_lib.cpp
DA:1,0
DA:15,1
DA:44,1
DA:93,1
DA:152,1
DA:221,1
end_of_record
